<?xml version="1.0" encoding="UTF-8"?>
<!-- Generated by org.testng.reporters.JUnitXMLReporter -->
<testsuite ignored="0" hostname="DESKTOP-HMSSTKG" failures="0" tests="1" name="Test-chrome" time="22.312" errors="0" timestamp="2022-07-07T17:40:48 IST">
  <testcase classname="com.crm.comcast.contactTest.createContact" name="craetecontact" time="10.31"/>
</testsuite> <!-- Test-chrome -->
