<?xml version="1.0" encoding="UTF-8"?>
<!-- Generated by org.testng.reporters.JUnitXMLReporter -->
<testsuite ignored="2" hostname="DESKTOP-HMSSTKG" failures="0" tests="3" name="Test-edge" time="51.573" errors="0" timestamp="2022-07-07T17:41:17 IST">
  <testcase classname="com.crm.comcast.contactTest.createContact" name="craetecontact" time="10.361"/>
  <testcase classname="com.crm.comcast.contactTest.CreateContactAndDeleteTest" name="CreateContact" time="7.214"/>
  <testcase classname="com.crm.comcast.contactTest.CreateContactAndDeleteTest" name="deleteContact" time="10.269"/>
  <testcase classname="com.crm.comcast.genericutitlity.BaseClass" name="@BeforeSuite configBS" time="0.0">
    <ignored/>
  </testcase> <!-- @BeforeSuite configBS -->
  <testcase classname="com.crm.comcast.genericutitlity.BaseClass" name="@AfterSuite configAS" time="0.0">
    <ignored/>
  </testcase> <!-- @AfterSuite configAS -->
</testsuite> <!-- Test-edge -->
