<?xml version="1.0" encoding="UTF-8"?>
<!-- Generated by org.testng.reporters.JUnitReportReporter -->
<testsuite hostname="DESKTOP-HMSSTKG" failures="0" tests="2" name="com.crm.comcast.contactTest.CreateContactAndDeleteTest" time="26.704" errors="0" timestamp="2022-07-07T17:41:18 IST" skipped="0">
  <testcase classname="com.crm.comcast.contactTest.CreateContactAndDeleteTest" name="deleteContact" time="13.300"/>
  <system-out/>
  <testcase classname="com.crm.comcast.contactTest.CreateContactAndDeleteTest" name="CreateContact" time="13.404"/>
  <system-out/>
</testsuite> <!-- com.crm.comcast.contactTest.CreateContactAndDeleteTest -->
