<?xml version="1.0" encoding="UTF-8"?>
<!-- Generated by org.testng.reporters.JUnitReportReporter -->
<testsuite hostname="DESKTOP-HMSSTKG" failures="0" tests="1" name="com.crm.comcast.organizationTest.CreateOrganizationWith_Baseclass" time="19.840" errors="0" timestamp="2022-07-08T14:57:08 IST" skipped="0">
  <testcase classname="com.crm.comcast.organizationTest.CreateOrganizationWith_Baseclass" name="createOrgTest" time="19.840"/>
  <system-out/>
</testsuite> <!-- com.crm.comcast.organizationTest.CreateOrganizationWith_Baseclass -->
